1523599818053	geckodriver	INFO	geckodriver 0.19.1
1523599818075	geckodriver	INFO	Listening on 127.0.0.1:35687
1523599818232	mozrunner::runner	INFO	Running command: "/usr/local/bin/firefox" "-marionette" "-profile" "/tmp/rust_mozprofile.R6mUlsrbLs6M"
*** You are running in headless mode.
1523599818681	Marionette	INFO	Enabled via --marionette
1523599820811	Marionette	INFO	Listening on port 39893
1523599820875	Marionette	WARN	TLS certificate errors will be ignored for this session
[GFX1-]: Receive IPC close with reason=AbnormalShutdown
[Child 98, Chrome_ChildThread] WARNING: pipe error (3): Connection reset by peer: file /builds/worker/workspace/build/src/ipc/chromium/src/chrome/common/ipc_channel_posix.cc, line 353
[GFX1-]: Receive IPC close with reason=AbnormalShutdown
[Child 52, Chrome_ChildThread] WARNING: pipe error (3): Connection reset by peer: file /builds/worker/workspace/build/src/ipc/chromium/src/chrome/common/ipc_channel_posix.cc, line 353
1523600532661	geckodriver	INFO	geckodriver 0.19.1
1523600532667	geckodriver	INFO	Listening on 127.0.0.1:45401
1523600533826	mozrunner::runner	INFO	Running command: "/usr/local/bin/firefox" "-marionette" "-profile" "/tmp/rust_mozprofile.9r04OPyVvKkO"
*** You are running in headless mode.
1523600534258	Marionette	INFO	Enabled via --marionette
1523600536071	Marionette	INFO	Listening on port 38809
1523600536144	Marionette	WARN	TLS certificate errors will be ignored for this session
[GFX1-]: Receive IPC close with reason=AbnormalShutdown
[Child 227, Chrome_ChildThread] WARNING: pipe error (3): Connection reset by peer: file /builds/worker/workspace/build/src/ipc/chromium/src/chrome/common/ipc_channel_posix.cc, line 353
[GFX1-]: Receive IPC close with reason=AbnormalShutdown
[Child 180, Chrome_ChildThread] WARNING: pipe error (3): Connection reset by peer: file /builds/worker/workspace/build/src/ipc/chromium/src/chrome/common/ipc_channel_posix.cc, line 353
1523612190187	geckodriver	INFO	geckodriver 0.19.1
1523612190195	geckodriver	INFO	Listening on 127.0.0.1:32953
1523612191387	mozrunner::runner	INFO	Running command: "/usr/local/bin/firefox" "-marionette" "-profile" "/tmp/rust_mozprofile.isqyewUdn2xE"
*** You are running in headless mode.
1523612191876	Marionette	INFO	Enabled via --marionette
1523612193718	Marionette	INFO	Listening on port 33001
1523612193804	Marionette	WARN	TLS certificate errors will be ignored for this session
1523612335818	geckodriver	INFO	geckodriver 0.19.1
1523612335828	geckodriver	INFO	Listening on 127.0.0.1:45201
1523612337006	mozrunner::runner	INFO	Running command: "/usr/local/bin/firefox" "-marionette" "-profile" "/tmp/rust_mozprofile.ibSWiIUKdNtz"
*** You are running in headless mode.
1523612337478	Marionette	INFO	Enabled via --marionette
1523612339507	Marionette	INFO	Listening on port 33263
1523612339537	Marionette	WARN	TLS certificate errors will be ignored for this session
1523612418901	geckodriver	INFO	geckodriver 0.19.1
1523612418908	geckodriver	INFO	Listening on 127.0.0.1:34863
1523612420094	mozrunner::runner	INFO	Running command: "/usr/local/bin/firefox" "-marionette" "-profile" "/tmp/rust_mozprofile.xEKxSkBCD4q6"
*** You are running in headless mode.
1523612420587	Marionette	INFO	Enabled via --marionette
1523612422673	Marionette	INFO	Listening on port 42095
1523612422735	Marionette	WARN	TLS certificate errors will be ignored for this session
1523612642038	geckodriver	INFO	geckodriver 0.19.1
1523612642045	geckodriver	INFO	Listening on 127.0.0.1:47271
1523612643241	mozrunner::runner	INFO	Running command: "/usr/local/bin/firefox" "-marionette" "-profile" "/tmp/rust_mozprofile.jhWYeYkjIZ6n"
*** You are running in headless mode.
1523612643671	Marionette	INFO	Enabled via --marionette
1523612645890	Marionette	INFO	Listening on port 43473
1523612646950	Marionette	WARN	TLS certificate errors will be ignored for this session
[Parent 670, Gecko_IOThread] WARNING: pipe error (32): Connection reset by peer: file /builds/worker/workspace/build/src/ipc/chromium/src/chrome/common/ipc_channel_posix.cc, line 353
[Parent 670, Gecko_IOThread] WARNING: pipe error: Broken pipe: file /builds/worker/workspace/build/src/ipc/chromium/src/chrome/common/ipc_channel_posix.cc, line 709
[Parent 670, Gecko_IOThread] WARNING: pipe error: Broken pipe: file /builds/worker/workspace/build/src/ipc/chromium/src/chrome/common/ipc_channel_posix.cc, line 709
[Parent 670, Gecko_IOThread] WARNING: pipe error: Broken pipe: file /builds/worker/workspace/build/src/ipc/chromium/src/chrome/common/ipc_channel_posix.cc, line 709
[Parent 670, Gecko_IOThread] WARNING: pipe error: Broken pipe: file /builds/worker/workspace/build/src/ipc/chromium/src/chrome/common/ipc_channel_posix.cc, line 709
[Parent 670, Gecko_IOThread] WARNING: pipe error: Broken pipe: file /builds/worker/workspace/build/src/ipc/chromium/src/chrome/common/ipc_channel_posix.cc, line 709
[Parent 670, Gecko_IOThread] WARNING: pipe error: Broken pipe: file /builds/worker/workspace/build/src/ipc/chromium/src/chrome/common/ipc_channel_posix.cc, line 709
[Parent 670, Gecko_IOThread] WARNING: pipe error: Broken pipe: file /builds/worker/workspace/build/src/ipc/chromium/src/chrome/common/ipc_channel_posix.cc, line 709
[Parent 670, Gecko_IOThread] WARNING: pipe error: Broken pipe: file /builds/worker/workspace/build/src/ipc/chromium/src/chrome/common/ipc_channel_posix.cc, line 709
[Parent 670, Gecko_IOThread] WARNING: pipe error: Broken pipe: file /builds/worker/workspace/build/src/ipc/chromium/src/chrome/common/ipc_channel_posix.cc, line 709
[Parent 670, Gecko_IOThread] WARNING: pipe error: Broken pipe: file /builds/worker/workspace/build/src/ipc/chromium/src/chrome/common/ipc_channel_posix.cc, line 709
[Parent 670, Gecko_IOThread] WARNING: pipe error: Broken pipe: file /builds/worker/workspace/build/src/ipc/chromium/src/chrome/common/ipc_channel_posix.cc, line 709
[Parent 670, Gecko_IOThread] WARNING: pipe error: Broken pipe: file /builds/worker/workspace/build/src/ipc/chromium/src/chrome/common/ipc_channel_posix.cc, line 709
[Parent 670, Gecko_IOThread] WARNING: pipe error: Broken pipe: file /builds/worker/workspace/build/src/ipc/chromium/src/chrome/common/ipc_channel_posix.cc, line 709
[Parent 670, Gecko_IOThread] WARNING: pipe error: Broken pipe: file /builds/worker/workspace/build/src/ipc/chromium/src/chrome/common/ipc_channel_posix.cc, line 709
[Parent 670, Gecko_IOThread] WARNING: pipe error: Broken pipe: file /builds/worker/workspace/build/src/ipc/chromium/src/chrome/common/ipc_channel_posix.cc, line 709
[Parent 670, Gecko_IOThread] WARNING: pipe error (39): Connection reset by peer: file /builds/worker/workspace/build/src/ipc/chromium/src/chrome/common/ipc_channel_posix.cc, line 353

###!!! [Parent][MessageChannel] Error: (msgtype=0x150084,name=PBrowser::Msg_Destroy) Channel error: cannot send/recv

A content process crashed and MOZ_CRASHREPORTER_SHUTDOWN is set, shutting down
*** UTM:SVC TimerManager:registerTimer called after profile-before-change notification. Ignoring timer registration for id: telemetry_modules_ping
1523612870109	geckodriver	INFO	geckodriver 0.19.1
1523612870117	geckodriver	INFO	Listening on 127.0.0.1:55251
1523612871302	mozrunner::runner	INFO	Running command: "/usr/local/bin/firefox" "-marionette" "-profile" "/tmp/rust_mozprofile.9ZaBD8SpQBQS"
*** You are running in headless mode.
1523612871740	Marionette	INFO	Enabled via --marionette
1523612873568	Marionette	INFO	Listening on port 35045
1523612873627	Marionette	WARN	TLS certificate errors will be ignored for this session
[Parent 818, Gecko_IOThread] WARNING: pipe error (40): Connection reset by peer: file /builds/worker/workspace/build/src/ipc/chromium/src/chrome/common/ipc_channel_posix.cc, line 353
[Parent 818, Gecko_IOThread] WARNING: pipe error (39): Connection reset by peer: file /builds/worker/workspace/build/src/ipc/chromium/src/chrome/common/ipc_channel_posix.cc, line 353

###!!! [Parent][MessageChannel] Error: (msgtype=0x150084,name=PBrowser::Msg_Destroy) Channel error: cannot send/recv

A content process crashed and MOZ_CRASHREPORTER_SHUTDOWN is set, shutting down
1523612874634	addons.xpi	WARN	Exception running bootstrap method shutdown on activity-stream@mozilla.org: [Exception... "Component returned failure code: 0x80004005 (NS_ERROR_FAILURE) [nsIObserverService.removeObserver]"  nsresult: "0x80004005 (NS_ERROR_FAILURE)"  location: "JS frame :: resource://activity-stream/lib/SnippetsFeed.jsm :: uninit :: line 125"  data: no] Stack trace: uninit()@resource://activity-stream/lib/SnippetsFeed.jsm:125 < onAction()@resource://activity-stream/lib/SnippetsFeed.jsm:141 < _middleware/</<()@resource://activity-stream/lib/Store.jsm:51 < Store/this[method]()@resource://activity-stream/lib/Store.jsm:30 < uninit()@resource://activity-stream/lib/Store.jsm:153 < uninit()@resource://activity-stream/lib/ActivityStream.jsm:278 < uninit()@resource://gre/modules/addons/XPIProvider.jsm -> jar:file:///opt/firefox/browser/features/activity-stream@mozilla.org.xpi!/bootstrap.js:80 < shutdown()@resource://gre/modules/addons/XPIProvider.jsm -> jar:file:///opt/firefox/browser/features/activity-stream@mozilla.org.xpi!/bootstrap.js:196 < callBootstrapMethod()@resource://gre/modules/addons/XPIProvider.jsm:4406 < observe()@resource://gre/modules/addons/XPIProvider.jsm:2270 < observe()@resource:///modules/ContentCrashHandlers.jsm:162
*** UTM:SVC TimerManager:registerTimer called after profile-before-change notification. Ignoring timer registration for id: telemetry_modules_ping
1523612893396	geckodriver	INFO	geckodriver 0.19.1
1523612893403	geckodriver	INFO	Listening on 127.0.0.1:56031
1523612894593	mozrunner::runner	INFO	Running command: "/usr/local/bin/firefox" "-marionette" "-profile" "/tmp/rust_mozprofile.xSm8t11zIqKM"
*** You are running in headless mode.
1523612895026	Marionette	INFO	Enabled via --marionette
1523612896813	Marionette	INFO	Listening on port 45383
1523612896917	Marionette	WARN	TLS certificate errors will be ignored for this session
[Parent 939, Gecko_IOThread] WARNING: pipe error (32): Connection reset by peer: file /builds/worker/workspace/build/src/ipc/chromium/src/chrome/common/ipc_channel_posix.cc, line 353
[Parent 939, Gecko_IOThread] WARNING: pipe error (39): Connection reset by peer: file /builds/worker/workspace/build/src/ipc/chromium/src/chrome/common/ipc_channel_posix.cc, line 353

###!!! [Parent][MessageChannel] Error: (msgtype=0x150084,name=PBrowser::Msg_Destroy) Channel error: cannot send/recv

A content process crashed and MOZ_CRASHREPORTER_SHUTDOWN is set, shutting down
1523612897965	addons.xpi	WARN	Exception running bootstrap method shutdown on activity-stream@mozilla.org: [Exception... "Component returned failure code: 0x80004005 (NS_ERROR_FAILURE) [nsIObserverService.removeObserver]"  nsresult: "0x80004005 (NS_ERROR_FAILURE)"  location: "JS frame :: resource://activity-stream/lib/SnippetsFeed.jsm :: uninit :: line 125"  data: no] Stack trace: uninit()@resource://activity-stream/lib/SnippetsFeed.jsm:125 < onAction()@resource://activity-stream/lib/SnippetsFeed.jsm:141 < _middleware/</<()@resource://activity-stream/lib/Store.jsm:51 < Store/this[method]()@resource://activity-stream/lib/Store.jsm:30 < uninit()@resource://activity-stream/lib/Store.jsm:153 < uninit()@resource://activity-stream/lib/ActivityStream.jsm:278 < uninit()@resource://gre/modules/addons/XPIProvider.jsm -> jar:file:///opt/firefox/browser/features/activity-stream@mozilla.org.xpi!/bootstrap.js:80 < shutdown()@resource://gre/modules/addons/XPIProvider.jsm -> jar:file:///opt/firefox/browser/features/activity-stream@mozilla.org.xpi!/bootstrap.js:196 < callBootstrapMethod()@resource://gre/modules/addons/XPIProvider.jsm:4406 < observe()@resource://gre/modules/addons/XPIProvider.jsm:2270 < observe()@resource:///modules/ContentCrashHandlers.jsm:162
*** UTM:SVC TimerManager:registerTimer called after profile-before-change notification. Ignoring timer registration for id: telemetry_modules_ping
1523612913660	geckodriver	INFO	geckodriver 0.19.1
1523612913668	geckodriver	INFO	Listening on 127.0.0.1:58785
1523612914890	mozrunner::runner	INFO	Running command: "/usr/local/bin/firefox" "-marionette" "-profile" "/tmp/rust_mozprofile.jDygy0VrKfzh"
*** You are running in headless mode.
1523612915362	Marionette	INFO	Enabled via --marionette
1523612917403	Marionette	INFO	Listening on port 40103
1523612917422	Marionette	WARN	TLS certificate errors will be ignored for this session
[Parent 1053, Gecko_IOThread] WARNING: pipe error (40): Connection reset by peer: file /builds/worker/workspace/build/src/ipc/chromium/src/chrome/common/ipc_channel_posix.cc, line 353
[Parent 1053, Gecko_IOThread] WARNING: pipe error (39): Connection reset by peer: file /builds/worker/workspace/build/src/ipc/chromium/src/chrome/common/ipc_channel_posix.cc, line 353

###!!! [Parent][MessageChannel] Error: (msgtype=0x150084,name=PBrowser::Msg_Destroy) Channel error: cannot send/recv

A content process crashed and MOZ_CRASHREPORTER_SHUTDOWN is set, shutting down
1523612918427	addons.xpi	WARN	Exception running bootstrap method shutdown on activity-stream@mozilla.org: [Exception... "Component returned failure code: 0x80004005 (NS_ERROR_FAILURE) [nsIObserverService.removeObserver]"  nsresult: "0x80004005 (NS_ERROR_FAILURE)"  location: "JS frame :: resource://activity-stream/lib/SnippetsFeed.jsm :: uninit :: line 125"  data: no] Stack trace: uninit()@resource://activity-stream/lib/SnippetsFeed.jsm:125 < onAction()@resource://activity-stream/lib/SnippetsFeed.jsm:141 < _middleware/</<()@resource://activity-stream/lib/Store.jsm:51 < Store/this[method]()@resource://activity-stream/lib/Store.jsm:30 < uninit()@resource://activity-stream/lib/Store.jsm:153 < uninit()@resource://activity-stream/lib/ActivityStream.jsm:278 < uninit()@resource://gre/modules/addons/XPIProvider.jsm -> jar:file:///opt/firefox/browser/features/activity-stream@mozilla.org.xpi!/bootstrap.js:80 < shutdown()@resource://gre/modules/addons/XPIProvider.jsm -> jar:file:///opt/firefox/browser/features/activity-stream@mozilla.org.xpi!/bootstrap.js:196 < callBootstrapMethod()@resource://gre/modules/addons/XPIProvider.jsm:4406 < observe()@resource://gre/modules/addons/XPIProvider.jsm:2270 < observe()@resource:///modules/ContentCrashHandlers.jsm:162
*** UTM:SVC TimerManager:registerTimer called after profile-before-change notification. Ignoring timer registration for id: telemetry_modules_ping
1523614566066	geckodriver	INFO	geckodriver 0.19.1
1523614566073	geckodriver	INFO	Listening on 127.0.0.1:33913
1523614567227	mozrunner::runner	INFO	Running command: "/usr/local/bin/firefox" "-marionette" "-profile" "/tmp/rust_mozprofile.znZ3jbjU0RDA"
*** You are running in headless mode.
1523614567610	Marionette	INFO	Enabled via --marionette
1523614569204	Marionette	INFO	Listening on port 35819
1523614569254	Marionette	WARN	TLS certificate errors will be ignored for this session
[Parent 1172, Gecko_IOThread] WARNING: pipe error (37): Connection reset by peer: file /builds/worker/workspace/build/src/ipc/chromium/src/chrome/common/ipc_channel_posix.cc, line 353
[Parent 1172, Gecko_IOThread] WARNING: pipe error (36): Connection reset by peer: file /builds/worker/workspace/build/src/ipc/chromium/src/chrome/common/ipc_channel_posix.cc, line 353

###!!! [Parent][MessageChannel] Error: (msgtype=0x490017,name=PHttpChannel::Msg_DeleteSelf) Channel error: cannot send/recv


###!!! [Parent][MessageChannel] Error: (msgtype=0x490017,name=PHttpChannel::Msg_DeleteSelf) Channel error: cannot send/recv


###!!! [Parent][MessageChannel] Error: (msgtype=0x490017,name=PHttpChannel::Msg_DeleteSelf) Channel error: cannot send/recv


###!!! [Parent][MessageChannel] Error: (msgtype=0x490017,name=PHttpChannel::Msg_DeleteSelf) Channel error: cannot send/recv


###!!! [Parent][MessageChannel] Error: (msgtype=0x490017,name=PHttpChannel::Msg_DeleteSelf) Channel error: cannot send/recv


###!!! [Parent][MessageChannel] Error: (msgtype=0x490017,name=PHttpChannel::Msg_DeleteSelf) Channel error: cannot send/recv


###!!! [Parent][MessageChannel] Error: (msgtype=0x490017,name=PHttpChannel::Msg_DeleteSelf) Channel error: cannot send/recv


###!!! [Parent][MessageChannel] Error: (msgtype=0x490017,name=PHttpChannel::Msg_DeleteSelf) Channel error: cannot send/recv


###!!! [Parent][MessageChannel] Error: (msgtype=0x490017,name=PHttpChannel::Msg_DeleteSelf) Channel error: cannot send/recv


###!!! [Parent][MessageChannel] Error: (msgtype=0x490017,name=PHttpChannel::Msg_DeleteSelf) Channel error: cannot send/recv


###!!! [Parent][MessageChannel] Error: (msgtype=0x490017,name=PHttpChannel::Msg_DeleteSelf) Channel error: cannot send/recv


###!!! [Parent][MessageChannel] Error: (msgtype=0x150084,name=PBrowser::Msg_Destroy) Channel error: cannot send/recv

A content process crashed and MOZ_CRASHREPORTER_SHUTDOWN is set, shutting down
1523614570238	addons.xpi	WARN	Exception running bootstrap method shutdown on activity-stream@mozilla.org: [Exception... "Component returned failure code: 0x80004005 (NS_ERROR_FAILURE) [nsIObserverService.removeObserver]"  nsresult: "0x80004005 (NS_ERROR_FAILURE)"  location: "JS frame :: resource://activity-stream/lib/SnippetsFeed.jsm :: uninit :: line 125"  data: no] Stack trace: uninit()@resource://activity-stream/lib/SnippetsFeed.jsm:125 < onAction()@resource://activity-stream/lib/SnippetsFeed.jsm:141 < _middleware/</<()@resource://activity-stream/lib/Store.jsm:51 < Store/this[method]()@resource://activity-stream/lib/Store.jsm:30 < uninit()@resource://activity-stream/lib/Store.jsm:153 < uninit()@resource://activity-stream/lib/ActivityStream.jsm:278 < uninit()@resource://gre/modules/addons/XPIProvider.jsm -> jar:file:///opt/firefox/browser/features/activity-stream@mozilla.org.xpi!/bootstrap.js:80 < shutdown()@resource://gre/modules/addons/XPIProvider.jsm -> jar:file:///opt/firefox/browser/features/activity-stream@mozilla.org.xpi!/bootstrap.js:196 < callBootstrapMethod()@resource://gre/modules/addons/XPIProvider.jsm:4406 < observe()@resource://gre/modules/addons/XPIProvider.jsm:2270 < observe()@resource:///modules/ContentCrashHandlers.jsm:162
*** UTM:SVC TimerManager:registerTimer called after profile-before-change notification. Ignoring timer registration for id: telemetry_modules_ping
1523614764235	geckodriver	INFO	geckodriver 0.19.1
1523614764251	geckodriver	INFO	Listening on 127.0.0.1:49897
1523614765413	mozrunner::runner	INFO	Running command: "/usr/local/bin/firefox" "-marionette" "-profile" "/tmp/rust_mozprofile.k6ME2kAUR7Gx"
*** You are running in headless mode.
1523614765828	Marionette	INFO	Enabled via --marionette
1523614767491	Marionette	INFO	Listening on port 44547
1523614767532	Marionette	WARN	TLS certificate errors will be ignored for this session
[Parent 1298, Gecko_IOThread] WARNING: pipe error (82): Connection reset by peer: file /builds/worker/workspace/build/src/ipc/chromium/src/chrome/common/ipc_channel_posix.cc, line 353
[Parent 1298, Gecko_IOThread] WARNING: pipe error (49): Connection reset by peer: file /builds/worker/workspace/build/src/ipc/chromium/src/chrome/common/ipc_channel_posix.cc, line 353
[Parent 1298, Gecko_IOThread] WARNING: pipe error (39): Connection reset by peer: file /builds/worker/workspace/build/src/ipc/chromium/src/chrome/common/ipc_channel_posix.cc, line 353

###!!! [Parent][MessageChannel] Error: (msgtype=0x150084,name=PBrowser::Msg_Destroy) Channel error: cannot send/recv

A content process crashed and MOZ_CRASHREPORTER_SHUTDOWN is set, shutting down
*** UTM:SVC TimerManager:registerTimer called after profile-before-change notification. Ignoring timer registration for id: telemetry_modules_ping
1523614813853	geckodriver	INFO	geckodriver 0.19.1
1523614813858	geckodriver	INFO	Listening on 127.0.0.1:43799
1523614815017	mozrunner::runner	INFO	Running command: "/usr/local/bin/firefox" "-marionette" "-profile" "/tmp/rust_mozprofile.tD8vcOcpQWrm"
*** You are running in headless mode.
1523614815440	Marionette	INFO	Enabled via --marionette
1523614817141	Marionette	INFO	Listening on port 44979
1523614817238	Marionette	WARN	TLS certificate errors will be ignored for this session
[Parent 1414, Gecko_IOThread] WARNING: pipe error (97): Connection reset by peer: file /builds/worker/workspace/build/src/ipc/chromium/src/chrome/common/ipc_channel_posix.cc, line 353
[Parent 1414, Gecko_IOThread] WARNING: pipe error (49): Connection reset by peer: file /builds/worker/workspace/build/src/ipc/chromium/src/chrome/common/ipc_channel_posix.cc, line 353
[Parent 1414, Gecko_IOThread] WARNING: pipe error (36): Connection reset by peer: file /builds/worker/workspace/build/src/ipc/chromium/src/chrome/common/ipc_channel_posix.cc, line 353

###!!! [Parent][MessageChannel] Error: (msgtype=0x150084,name=PBrowser::Msg_Destroy) Channel error: cannot send/recv

A content process crashed and MOZ_CRASHREPORTER_SHUTDOWN is set, shutting down
*** UTM:SVC TimerManager:registerTimer called after profile-before-change notification. Ignoring timer registration for id: telemetry_modules_ping
1523614865930	geckodriver	INFO	geckodriver 0.19.1
1523614865936	geckodriver	INFO	Listening on 127.0.0.1:33511
1523614867094	mozrunner::runner	INFO	Running command: "/usr/local/bin/firefox" "-marionette" "-profile" "/tmp/rust_mozprofile.O36FSnWqaoZn"
*** You are running in headless mode.
1523614867519	Marionette	INFO	Enabled via --marionette
1523614869158	Marionette	INFO	Listening on port 34327
1523614869218	Marionette	WARN	TLS certificate errors will be ignored for this session
[Parent 1523, Gecko_IOThread] WARNING: pipe error (68): Connection reset by peer: file /builds/worker/workspace/build/src/ipc/chromium/src/chrome/common/ipc_channel_posix.cc, line 353
[Parent 1523, Gecko_IOThread] WARNING: pipe error (42): Connection reset by peer: file /builds/worker/workspace/build/src/ipc/chromium/src/chrome/common/ipc_channel_posix.cc, line 353
[Parent 1523, Gecko_IOThread] WARNING: pipe error (36): Connection reset by peer: file /builds/worker/workspace/build/src/ipc/chromium/src/chrome/common/ipc_channel_posix.cc, line 353

###!!! [Parent][MessageChannel] Error: (msgtype=0x150084,name=PBrowser::Msg_Destroy) Channel error: cannot send/recv

A content process crashed and MOZ_CRASHREPORTER_SHUTDOWN is set, shutting down
*** UTM:SVC TimerManager:registerTimer called after profile-before-change notification. Ignoring timer registration for id: telemetry_modules_ping
1523626763378	geckodriver	INFO	geckodriver 0.19.1
1523626763386	geckodriver	INFO	Listening on 127.0.0.1:46465
1523626764664	mozrunner::runner	INFO	Running command: "/usr/local/bin/firefox" "-marionette" "-profile" "/tmp/rust_mozprofile.GYdcAohvIc6e"
*** You are running in headless mode.
1523626765135	Marionette	INFO	Enabled via --marionette
1523626767001	Marionette	INFO	Listening on port 42227
1523626767085	Marionette	WARN	TLS certificate errors will be ignored for this session
[Parent 1643, Gecko_IOThread] WARNING: pipe error (40): Connection reset by peer: file /builds/worker/workspace/build/src/ipc/chromium/src/chrome/common/ipc_channel_posix.cc, line 353
[Parent 1643, Gecko_IOThread] WARNING: pipe error: Broken pipe: file /builds/worker/workspace/build/src/ipc/chromium/src/chrome/common/ipc_channel_posix.cc, line 709
[Parent 1643, Gecko_IOThread] WARNING: pipe error: Broken pipe: file /builds/worker/workspace/build/src/ipc/chromium/src/chrome/common/ipc_channel_posix.cc, line 709
[Parent 1643, Gecko_IOThread] WARNING: pipe error: Broken pipe: file /builds/worker/workspace/build/src/ipc/chromium/src/chrome/common/ipc_channel_posix.cc, line 709
[Parent 1643, Gecko_IOThread] WARNING: pipe error: Broken pipe: file /builds/worker/workspace/build/src/ipc/chromium/src/chrome/common/ipc_channel_posix.cc, line 709
[Parent 1643, Gecko_IOThread] WARNING: pipe error: Broken pipe: file /builds/worker/workspace/build/src/ipc/chromium/src/chrome/common/ipc_channel_posix.cc, line 709
[Parent 1643, Gecko_IOThread] WARNING: pipe error: Broken pipe: file /builds/worker/workspace/build/src/ipc/chromium/src/chrome/common/ipc_channel_posix.cc, line 709
[Parent 1643, Gecko_IOThread] WARNING: pipe error: Broken pipe: file /builds/worker/workspace/build/src/ipc/chromium/src/chrome/common/ipc_channel_posix.cc, line 709
[Parent 1643, Gecko_IOThread] WARNING: pipe error: Broken pipe: file /builds/worker/workspace/build/src/ipc/chromium/src/chrome/common/ipc_channel_posix.cc, line 709
[Parent 1643, Gecko_IOThread] WARNING: pipe error: Broken pipe: file /builds/worker/workspace/build/src/ipc/chromium/src/chrome/common/ipc_channel_posix.cc, line 709
[Parent 1643, Gecko_IOThread] WARNING: pipe error: Broken pipe: file /builds/worker/workspace/build/src/ipc/chromium/src/chrome/common/ipc_channel_posix.cc, line 709
[Parent 1643, Gecko_IOThread] WARNING: pipe error: Broken pipe: file /builds/worker/workspace/build/src/ipc/chromium/src/chrome/common/ipc_channel_posix.cc, line 709
[Parent 1643, Gecko_IOThread] WARNING: pipe error: Broken pipe: file /builds/worker/workspace/build/src/ipc/chromium/src/chrome/common/ipc_channel_posix.cc, line 709
[Parent 1643, Gecko_IOThread] WARNING: pipe error: Broken pipe: file /builds/worker/workspace/build/src/ipc/chromium/src/chrome/common/ipc_channel_posix.cc, line 709
[Parent 1643, Gecko_IOThread] WARNING: pipe error: Broken pipe: file /builds/worker/workspace/build/src/ipc/chromium/src/chrome/common/ipc_channel_posix.cc, line 709
[Parent 1643, Gecko_IOThread] WARNING: pipe error: Broken pipe: file /builds/worker/workspace/build/src/ipc/chromium/src/chrome/common/ipc_channel_posix.cc, line 709

###!!! [Parent][MessageChannel] Error: (msgtype=0x150084,name=PBrowser::Msg_Destroy) Channel error: cannot send/recv

A content process crashed and MOZ_CRASHREPORTER_SHUTDOWN is set, shutting down
*** UTM:SVC TimerManager:registerTimer called after profile-before-change notification. Ignoring timer registration for id: telemetry_modules_ping
1523626836248	geckodriver	INFO	geckodriver 0.19.1
1523626836253	geckodriver	INFO	Listening on 127.0.0.1:52631
1523626837478	mozrunner::runner	INFO	Running command: "/usr/local/bin/firefox" "-marionette" "-profile" "/tmp/rust_mozprofile.Wz4BwnrXwkql"
*** You are running in headless mode.
1523626837930	Marionette	INFO	Enabled via --marionette
1523626839778	Marionette	INFO	Listening on port 34541
1523626839797	Marionette	WARN	TLS certificate errors will be ignored for this session
[Parent 1759, Gecko_IOThread] WARNING: pipe error (32): Connection reset by peer: file /builds/worker/workspace/build/src/ipc/chromium/src/chrome/common/ipc_channel_posix.cc, line 353
[Parent 1759, Gecko_IOThread] WARNING: pipe error (39): Connection reset by peer: file /builds/worker/workspace/build/src/ipc/chromium/src/chrome/common/ipc_channel_posix.cc, line 353

###!!! [Parent][MessageChannel] Error: (msgtype=0x150084,name=PBrowser::Msg_Destroy) Channel error: cannot send/recv

A content process crashed and MOZ_CRASHREPORTER_SHUTDOWN is set, shutting down
*** UTM:SVC TimerManager:registerTimer called after profile-before-change notification. Ignoring timer registration for id: telemetry_modules_ping
1523627051098	geckodriver	INFO	geckodriver 0.19.1
1523627051103	geckodriver	INFO	Listening on 127.0.0.1:60019
1523627052270	mozrunner::runner	INFO	Running command: "/usr/local/bin/firefox" "-marionette" "-profile" "/tmp/rust_mozprofile.BbDqRs5LJYib"
*** You are running in headless mode.
1523627052678	Marionette	INFO	Enabled via --marionette
1523627054390	Marionette	INFO	Listening on port 41295
1523627054492	Marionette	WARN	TLS certificate errors will be ignored for this session
[Parent 1868, Gecko_IOThread] WARNING: pipe error (97): Connection reset by peer: file /builds/worker/workspace/build/src/ipc/chromium/src/chrome/common/ipc_channel_posix.cc, line 353
[Parent 1868, Gecko_IOThread] WARNING: pipe error (32): Connection reset by peer: file /builds/worker/workspace/build/src/ipc/chromium/src/chrome/common/ipc_channel_posix.cc, line 353
[Parent 1868, Gecko_IOThread] WARNING: pipe error (39): Connection reset by peer: file /builds/worker/workspace/build/src/ipc/chromium/src/chrome/common/ipc_channel_posix.cc, line 353

###!!! [Parent][MessageChannel] Error: (msgtype=0x150084,name=PBrowser::Msg_Destroy) Channel error: cannot send/recv

A content process crashed and MOZ_CRASHREPORTER_SHUTDOWN is set, shutting down
*** UTM:SVC TimerManager:registerTimer called after profile-before-change notification. Ignoring timer registration for id: telemetry_modules_ping
1523627176422	geckodriver	INFO	geckodriver 0.19.1
1523627176428	geckodriver	INFO	Listening on 127.0.0.1:57547
1523627177594	mozrunner::runner	INFO	Running command: "/usr/local/bin/firefox" "-marionette" "-profile" "/tmp/rust_mozprofile.ayaPtm4XCBzg"
*** You are running in headless mode.
1523627178017	Marionette	INFO	Enabled via --marionette
1523627179757	Marionette	INFO	Listening on port 40405
1523627179816	Marionette	WARN	TLS certificate errors will be ignored for this session
[Parent 1983, Gecko_IOThread] WARNING: pipe error (95): Connection reset by peer: file /builds/worker/workspace/build/src/ipc/chromium/src/chrome/common/ipc_channel_posix.cc, line 353
[Parent 1983, Gecko_IOThread] WARNING: pipe error (49): Connection reset by peer: file /builds/worker/workspace/build/src/ipc/chromium/src/chrome/common/ipc_channel_posix.cc, line 353
[Parent 1983, Gecko_IOThread] WARNING: pipe error (36): Connection reset by peer: file /builds/worker/workspace/build/src/ipc/chromium/src/chrome/common/ipc_channel_posix.cc, line 353

###!!! [Parent][MessageChannel] Error: (msgtype=0x150084,name=PBrowser::Msg_Destroy) Channel error: cannot send/recv

A content process crashed and MOZ_CRASHREPORTER_SHUTDOWN is set, shutting down
*** UTM:SVC TimerManager:registerTimer called after profile-before-change notification. Ignoring timer registration for id: telemetry_modules_ping
1523627278564	geckodriver	INFO	geckodriver 0.19.1
1523627278571	geckodriver	INFO	Listening on 127.0.0.1:49515
1523627279740	mozrunner::runner	INFO	Running command: "/usr/local/bin/firefox" "-marionette" "-profile" "/tmp/rust_mozprofile.A3Wvrp8xEtLu"
*** You are running in headless mode.
1523627280139	Marionette	INFO	Enabled via --marionette
1523627281808	Marionette	INFO	Listening on port 33115
1523627281869	Marionette	WARN	TLS certificate errors will be ignored for this session
[Parent 2104, Gecko_IOThread] WARNING: pipe error (42): Connection reset by peer: file /builds/worker/workspace/build/src/ipc/chromium/src/chrome/common/ipc_channel_posix.cc, line 353
[Parent 2104, Gecko_IOThread] WARNING: pipe error: Broken pipe: file /builds/worker/workspace/build/src/ipc/chromium/src/chrome/common/ipc_channel_posix.cc, line 709
[Parent 2104, Gecko_IOThread] WARNING: pipe error: Broken pipe: file /builds/worker/workspace/build/src/ipc/chromium/src/chrome/common/ipc_channel_posix.cc, line 709
[Parent 2104, Gecko_IOThread] WARNING: pipe error: Broken pipe: file /builds/worker/workspace/build/src/ipc/chromium/src/chrome/common/ipc_channel_posix.cc, line 709
[Parent 2104, Gecko_IOThread] WARNING: pipe error: Broken pipe: file /builds/worker/workspace/build/src/ipc/chromium/src/chrome/common/ipc_channel_posix.cc, line 709
[Parent 2104, Gecko_IOThread] WARNING: pipe error: Broken pipe: file /builds/worker/workspace/build/src/ipc/chromium/src/chrome/common/ipc_channel_posix.cc, line 709
[Parent 2104, Gecko_IOThread] WARNING: pipe error: Broken pipe: file /builds/worker/workspace/build/src/ipc/chromium/src/chrome/common/ipc_channel_posix.cc, line 709
[Parent 2104, Gecko_IOThread] WARNING: pipe error: Broken pipe: file /builds/worker/workspace/build/src/ipc/chromium/src/chrome/common/ipc_channel_posix.cc, line 709
[Parent 2104, Gecko_IOThread] WARNING: pipe error: Broken pipe: file /builds/worker/workspace/build/src/ipc/chromium/src/chrome/common/ipc_channel_posix.cc, line 709
[Parent 2104, Gecko_IOThread] WARNING: pipe error: Broken pipe: file /builds/worker/workspace/build/src/ipc/chromium/src/chrome/common/ipc_channel_posix.cc, line 709
[Parent 2104, Gecko_IOThread] WARNING: pipe error: Broken pipe: file /builds/worker/workspace/build/src/ipc/chromium/src/chrome/common/ipc_channel_posix.cc, line 709
[Parent 2104, Gecko_IOThread] WARNING: pipe error: Broken pipe: file /builds/worker/workspace/build/src/ipc/chromium/src/chrome/common/ipc_channel_posix.cc, line 709
[Parent 2104, Gecko_IOThread] WARNING: pipe error: Broken pipe: file /builds/worker/workspace/build/src/ipc/chromium/src/chrome/common/ipc_channel_posix.cc, line 709
[Parent 2104, Gecko_IOThread] WARNING: pipe error: Broken pipe: file /builds/worker/workspace/build/src/ipc/chromium/src/chrome/common/ipc_channel_posix.cc, line 709
[Parent 2104, Gecko_IOThread] WARNING: pipe error: Broken pipe: file /builds/worker/workspace/build/src/ipc/chromium/src/chrome/common/ipc_channel_posix.cc, line 709
[Parent 2104, Gecko_IOThread] WARNING: pipe error: Broken pipe: file /builds/worker/workspace/build/src/ipc/chromium/src/chrome/common/ipc_channel_posix.cc, line 709
[Parent 2104, Gecko_IOThread] WARNING: pipe error (36): Connection reset by peer: file /builds/worker/workspace/build/src/ipc/chromium/src/chrome/common/ipc_channel_posix.cc, line 353

###!!! [Parent][MessageChannel] Error: (msgtype=0x150084,name=PBrowser::Msg_Destroy) Channel error: cannot send/recv

A content process crashed and MOZ_CRASHREPORTER_SHUTDOWN is set, shutting down
1523627282833	addons.xpi	WARN	Exception running bootstrap method shutdown on activity-stream@mozilla.org: [Exception... "Component returned failure code: 0x80004005 (NS_ERROR_FAILURE) [nsIObserverService.removeObserver]"  nsresult: "0x80004005 (NS_ERROR_FAILURE)"  location: "JS frame :: resource://activity-stream/lib/SnippetsFeed.jsm :: uninit :: line 125"  data: no] Stack trace: uninit()@resource://activity-stream/lib/SnippetsFeed.jsm:125 < onAction()@resource://activity-stream/lib/SnippetsFeed.jsm:141 < _middleware/</<()@resource://activity-stream/lib/Store.jsm:51 < Store/this[method]()@resource://activity-stream/lib/Store.jsm:30 < uninit()@resource://activity-stream/lib/Store.jsm:153 < uninit()@resource://activity-stream/lib/ActivityStream.jsm:278 < uninit()@resource://gre/modules/addons/XPIProvider.jsm -> jar:file:///opt/firefox/browser/features/activity-stream@mozilla.org.xpi!/bootstrap.js:80 < shutdown()@resource://gre/modules/addons/XPIProvider.jsm -> jar:file:///opt/firefox/browser/features/activity-stream@mozilla.org.xpi!/bootstrap.js:196 < callBootstrapMethod()@resource://gre/modules/addons/XPIProvider.jsm:4406 < observe()@resource://gre/modules/addons/XPIProvider.jsm:2270 < observe()@resource:///modules/ContentCrashHandlers.jsm:162
*** UTM:SVC TimerManager:registerTimer called after profile-before-change notification. Ignoring timer registration for id: telemetry_modules_ping
1523627445020	geckodriver	INFO	geckodriver 0.19.1
1523627445025	geckodriver	INFO	Listening on 127.0.0.1:34951
1523627446207	mozrunner::runner	INFO	Running command: "/usr/local/bin/firefox" "-marionette" "-profile" "/tmp/rust_mozprofile.tmJx1tvsNtxB"
*** You are running in headless mode.
1523627446675	Marionette	INFO	Enabled via --marionette
1523627448473	Marionette	INFO	Listening on port 43357
1523627448529	Marionette	WARN	TLS certificate errors will be ignored for this session
[Parent 2218, Gecko_IOThread] WARNING: pipe error (88): Connection reset by peer: file /builds/worker/workspace/build/src/ipc/chromium/src/chrome/common/ipc_channel_posix.cc, line 353
[Parent 2218, Gecko_IOThread] WARNING: pipe error (49): Connection reset by peer: file /builds/worker/workspace/build/src/ipc/chromium/src/chrome/common/ipc_channel_posix.cc, line 353
[Parent 2218, Gecko_IOThread] WARNING: pipe error (36): Connection reset by peer: file /builds/worker/workspace/build/src/ipc/chromium/src/chrome/common/ipc_channel_posix.cc, line 353

###!!! [Parent][MessageChannel] Error: (msgtype=0x150084,name=PBrowser::Msg_Destroy) Channel error: cannot send/recv

A content process crashed and MOZ_CRASHREPORTER_SHUTDOWN is set, shutting down
*** UTM:SVC TimerManager:registerTimer called after profile-before-change notification. Ignoring timer registration for id: telemetry_modules_ping
1523627561672	geckodriver	INFO	geckodriver 0.19.1
1523627561679	geckodriver	INFO	Listening on 127.0.0.1:60629
1523627562849	mozrunner::runner	INFO	Running command: "/usr/local/bin/firefox" "-marionette" "-profile" "/tmp/rust_mozprofile.DjcNIM8Rau7N"
*** You are running in headless mode.
1523627563264	Marionette	INFO	Enabled via --marionette
1523627565057	Marionette	INFO	Listening on port 32881
1523627565078	Marionette	WARN	TLS certificate errors will be ignored for this session
[Parent 2346, Gecko_IOThread] WARNING: pipe error (75): Connection reset by peer: file /builds/worker/workspace/build/src/ipc/chromium/src/chrome/common/ipc_channel_posix.cc, line 353
[Parent 2346, Gecko_IOThread] WARNING: pipe error (37): Connection reset by peer: file /builds/worker/workspace/build/src/ipc/chromium/src/chrome/common/ipc_channel_posix.cc, line 353
[Parent 2346, Gecko_IOThread] WARNING: pipe error (36): Connection reset by peer: file /builds/worker/workspace/build/src/ipc/chromium/src/chrome/common/ipc_channel_posix.cc, line 353

###!!! [Parent][MessageChannel] Error: (msgtype=0x150084,name=PBrowser::Msg_Destroy) Channel error: cannot send/recv

A content process crashed and MOZ_CRASHREPORTER_SHUTDOWN is set, shutting down
*** UTM:SVC TimerManager:registerTimer called after profile-before-change notification. Ignoring timer registration for id: telemetry_modules_ping
1523627614165	geckodriver	INFO	geckodriver 0.19.1
1523627614172	geckodriver	INFO	Listening on 127.0.0.1:39445
1523627615342	mozrunner::runner	INFO	Running command: "/usr/local/bin/firefox" "-marionette" "-profile" "/tmp/rust_mozprofile.Ac6JlR8doRXE"
*** You are running in headless mode.
1523627615790	Marionette	INFO	Enabled via --marionette
1523627617549	Marionette	INFO	Listening on port 32897
1523627617574	Marionette	WARN	TLS certificate errors will be ignored for this session
[Parent 2464, Gecko_IOThread] WARNING: pipe error (85): Connection reset by peer: file /builds/worker/workspace/build/src/ipc/chromium/src/chrome/common/ipc_channel_posix.cc, line 353
[Parent 2464, Gecko_IOThread] WARNING: pipe error (40): Connection reset by peer: file /builds/worker/workspace/build/src/ipc/chromium/src/chrome/common/ipc_channel_posix.cc, line 353
[Parent 2464, Gecko_IOThread] WARNING: pipe error (39): Connection reset by peer: file /builds/worker/workspace/build/src/ipc/chromium/src/chrome/common/ipc_channel_posix.cc, line 353

###!!! [Parent][MessageChannel] Error: (msgtype=0x150084,name=PBrowser::Msg_Destroy) Channel error: cannot send/recv

A content process crashed and MOZ_CRASHREPORTER_SHUTDOWN is set, shutting down
*** UTM:SVC TimerManager:registerTimer called after profile-before-change notification. Ignoring timer registration for id: telemetry_modules_ping
1523627681774	geckodriver	INFO	geckodriver 0.19.1
1523627681781	geckodriver	INFO	Listening on 127.0.0.1:60733
1523627682952	mozrunner::runner	INFO	Running command: "/usr/local/bin/firefox" "-marionette" "-profile" "/tmp/rust_mozprofile.5t4HAJvMvqH7"
*** You are running in headless mode.
1523627683419	Marionette	INFO	Enabled via --marionette
1523627685143	Marionette	INFO	Listening on port 35825
1523627685181	Marionette	WARN	TLS certificate errors will be ignored for this session
JavaScript error: https://ss1.bdstatic.com/5eN1bjq8AAUYm2zgoY3K/r/www/cache/static/protocol/https/plugins/every_cookie_4644b13.js, line 4: ReferenceError: c is not defined
1523627722156	geckodriver	INFO	geckodriver 0.19.1
1523627722164	geckodriver	INFO	Listening on 127.0.0.1:51763
1523627723359	mozrunner::runner	INFO	Running command: "/usr/local/bin/firefox" "-marionette" "-profile" "/tmp/rust_mozprofile.pZVu6blu3Mvd"
*** You are running in headless mode.
1523627723760	Marionette	INFO	Enabled via --marionette
1523627725478	Marionette	INFO	Listening on port 38039
1523627725577	Marionette	WARN	TLS certificate errors will be ignored for this session
1523627806322	geckodriver	INFO	geckodriver 0.19.1
1523627806329	geckodriver	INFO	Listening on 127.0.0.1:56491
1523627807507	mozrunner::runner	INFO	Running command: "/usr/local/bin/firefox" "-marionette" "-profile" "/tmp/rust_mozprofile.aec7a4M7cBRr"
*** You are running in headless mode.
1523627807935	Marionette	INFO	Enabled via --marionette
1523627809701	Marionette	INFO	Listening on port 44403
1523627809725	Marionette	WARN	TLS certificate errors will be ignored for this session
[Parent 262, Gecko_IOThread] WARNING: pipe error (32): Connection reset by peer: file /builds/worker/workspace/build/src/ipc/chromium/src/chrome/common/ipc_channel_posix.cc, line 353
[Parent 262, Gecko_IOThread] WARNING: pipe error (39): Connection reset by peer: file /builds/worker/workspace/build/src/ipc/chromium/src/chrome/common/ipc_channel_posix.cc, line 353

###!!! [Parent][MessageChannel] Error: (msgtype=0x150084,name=PBrowser::Msg_Destroy) Channel error: cannot send/recv

A content process crashed and MOZ_CRASHREPORTER_SHUTDOWN is set, shutting down
*** UTM:SVC TimerManager:registerTimer called after profile-before-change notification. Ignoring timer registration for id: telemetry_modules_ping
1523627831421	geckodriver	INFO	geckodriver 0.19.1
1523627831429	geckodriver	INFO	Listening on 127.0.0.1:44591
1523627832604	mozrunner::runner	INFO	Running command: "/usr/local/bin/firefox" "-marionette" "-profile" "/tmp/rust_mozprofile.yfPsuhRAIJeC"
*** You are running in headless mode.
1523627833037	Marionette	INFO	Enabled via --marionette
1523627834806	Marionette	INFO	Listening on port 33737
1523627834829	Marionette	WARN	TLS certificate errors will be ignored for this session
[Parent 382, Gecko_IOThread] WARNING: pipe error (82): Connection reset by peer: file /builds/worker/workspace/build/src/ipc/chromium/src/chrome/common/ipc_channel_posix.cc, line 353
[Parent 382, Gecko_IOThread] WARNING: pipe error (40): Connection reset by peer: file /builds/worker/workspace/build/src/ipc/chromium/src/chrome/common/ipc_channel_posix.cc, line 353

###!!! [Parent][MessageChannel] Error: (msgtype=0x490017,name=PHttpChannel::Msg_DeleteSelf) Channel error: cannot send/recv


###!!! [Parent][MessageChannel] Error: (msgtype=0x150084,name=PBrowser::Msg_Destroy) Channel error: cannot send/recv

A content process crashed and MOZ_CRASHREPORTER_SHUTDOWN is set, shutting down
*** UTM:SVC TimerManager:registerTimer called after profile-before-change notification. Ignoring timer registration for id: telemetry_modules_ping
1523629181432	geckodriver	INFO	geckodriver 0.19.1
1523629181439	geckodriver	INFO	Listening on 127.0.0.1:36195
1523629182626	mozrunner::runner	INFO	Running command: "/usr/local/bin/firefox" "-marionette" "-profile" "/tmp/rust_mozprofile.fwmm1oUinwgE"
*** You are running in headless mode.
1523629183086	Marionette	INFO	Enabled via --marionette
1523629184864	Marionette	INFO	Listening on port 46399
1523629184945	Marionette	WARN	TLS certificate errors will be ignored for this session
[Parent 539, Gecko_IOThread] WARNING: pipe error (90): Connection reset by peer: file /builds/worker/workspace/build/src/ipc/chromium/src/chrome/common/ipc_channel_posix.cc, line 353
[Parent 539, Gecko_IOThread] WARNING: pipe error (40): Connection reset by peer: file /builds/worker/workspace/build/src/ipc/chromium/src/chrome/common/ipc_channel_posix.cc, line 353

###!!! [Parent][MessageChannel] Error: (msgtype=0x150084,name=PBrowser::Msg_Destroy) Channel error: cannot send/recv

A content process crashed and MOZ_CRASHREPORTER_SHUTDOWN is set, shutting down
*** UTM:SVC TimerManager:registerTimer called after profile-before-change notification. Ignoring timer registration for id: telemetry_modules_ping
1523629226103	geckodriver	INFO	geckodriver 0.19.1
1523629226110	geckodriver	INFO	Listening on 127.0.0.1:36133
1523629227303	mozrunner::runner	INFO	Running command: "/usr/local/bin/firefox" "-marionette" "-profile" "/tmp/rust_mozprofile.tEr5YqSJtuYN"
*** You are running in headless mode.
1523629227730	Marionette	INFO	Enabled via --marionette
1523629229511	Marionette	INFO	Listening on port 37315
1523629229522	Marionette	WARN	TLS certificate errors will be ignored for this session
[Parent 663, Gecko_IOThread] WARNING: pipe error (56): Connection reset by peer: file /builds/worker/workspace/build/src/ipc/chromium/src/chrome/common/ipc_channel_posix.cc, line 353
[Parent 663, Gecko_IOThread] WARNING: pipe error (32): Connection reset by peer: file /builds/worker/workspace/build/src/ipc/chromium/src/chrome/common/ipc_channel_posix.cc, line 353

###!!! [Parent][MessageChannel] Error: (msgtype=0x150084,name=PBrowser::Msg_Destroy) Channel error: cannot send/recv

A content process crashed and MOZ_CRASHREPORTER_SHUTDOWN is set, shutting down
*** UTM:SVC TimerManager:registerTimer called after profile-before-change notification. Ignoring timer registration for id: telemetry_modules_ping
1523629330441	geckodriver	INFO	geckodriver 0.19.1
1523629330448	geckodriver	INFO	Listening on 127.0.0.1:53947
1523629331765	mozrunner::runner	INFO	Running command: "/usr/local/bin/firefox" "-marionette" "-profile" "/tmp/rust_mozprofile.mrhhifwyCOeG"
*** You are running in headless mode.
1523629332226	Marionette	INFO	Enabled via --marionette
1523629334045	Marionette	INFO	Listening on port 41581
1523629334090	Marionette	WARN	TLS certificate errors will be ignored for this session
[GFX1-]: Receive IPC close with reason=AbnormalShutdown
[Child 98, Chrome_ChildThread] WARNING: pipe error (3): Connection reset by peer: file /builds/worker/workspace/build/src/ipc/chromium/src/chrome/common/ipc_channel_posix.cc, line 353
[Child 50, Chrome_ChildThread] WARNING: pipe error (13): Connection reset by peer: file /builds/worker/workspace/build/src/ipc/chromium/src/chrome/common/ipc_channel_posix.cc, line 353
[Child 50, Chrome_ChildThread] WARNING: pipe error (3): Connection reset by peer: file /builds/worker/workspace/build/src/ipc/chromium/src/chrome/common/ipc_channel_posix.cc, line 353
1523629378336	geckodriver	INFO	geckodriver 0.19.1
1523629378343	geckodriver	INFO	Listening on 127.0.0.1:44417
1523629379537	mozrunner::runner	INFO	Running command: "/usr/local/bin/firefox" "-marionette" "-profile" "/tmp/rust_mozprofile.OjV9mMOMz1kU"
*** You are running in headless mode.
1523629379986	Marionette	INFO	Enabled via --marionette
1523629381752	Marionette	INFO	Listening on port 34023
1523629381760	Marionette	WARN	TLS certificate errors will be ignored for this session
[GFX1-]: Receive IPC close with reason=AbnormalShutdown
[Child 216, Chrome_ChildThread] WARNING: pipe error (3): Connection reset by peer: file /builds/worker/workspace/build/src/ipc/chromium/src/chrome/common/ipc_channel_posix.cc, line 353
[Child 164, Chrome_ChildThread] WARNING: pipe error (15): Connection reset by peer: file /builds/worker/workspace/build/src/ipc/chromium/src/chrome/common/ipc_channel_posix.cc, line 353
[Child 164, Chrome_ChildThread] WARNING: pipe error (30): Connection reset by peer: file /builds/worker/workspace/build/src/ipc/chromium/src/chrome/common/ipc_channel_posix.cc, line 353
[Child 164, Chrome_ChildThread] WARNING: pipe error (3): Connection reset by peer: file /builds/worker/workspace/build/src/ipc/chromium/src/chrome/common/ipc_channel_posix.cc, line 353
1523863288879	geckodriver	INFO	geckodriver 0.19.1
1523863288886	geckodriver	INFO	Listening on 127.0.0.1:58189
1523863290059	mozrunner::runner	INFO	Running command: "/usr/local/bin/firefox" "-marionette" "-profile" "/tmp/rust_mozprofile.sBbZYtnSGTva"
*** You are running in headless mode.
1523863290476	Marionette	INFO	Enabled via --marionette
1523863292211	Marionette	INFO	Listening on port 37175
1523863292280	Marionette	WARN	TLS certificate errors will be ignored for this session
[GFX1-]: Receive IPC close with reason=AbnormalShutdown
[Child 350, Chrome_ChildThread] WARNING: pipe error (3): Connection reset by peer: file /builds/worker/workspace/build/src/ipc/chromium/src/chrome/common/ipc_channel_posix.cc, line 353
[Child 302, Chrome_ChildThread] WARNING: pipe error (15): Connection reset by peer: file /builds/worker/workspace/build/src/ipc/chromium/src/chrome/common/ipc_channel_posix.cc, line 353
[Child 302, Chrome_ChildThread] WARNING: pipe error (30): Connection reset by peer: file /builds/worker/workspace/build/src/ipc/chromium/src/chrome/common/ipc_channel_posix.cc, line 353
[Child 302, Chrome_ChildThread] WARNING: pipe error (3): Connection reset by peer: file /builds/worker/workspace/build/src/ipc/chromium/src/chrome/common/ipc_channel_posix.cc, line 353
[GFX1-]: Receive IPC close with reason=AbnormalShutdown
1523863457137	geckodriver	INFO	geckodriver 0.19.1
1523863457144	geckodriver	INFO	Listening on 127.0.0.1:38241
1523863458301	mozrunner::runner	INFO	Running command: "/usr/local/bin/firefox" "-marionette" "-profile" "/tmp/rust_mozprofile.n8zhRpKYjDfz"
*** You are running in headless mode.
1523863458691	Marionette	INFO	Enabled via --marionette
1523863460312	Marionette	INFO	Listening on port 37021
1523863460318	Marionette	WARN	TLS certificate errors will be ignored for this session
[GFX1-]: Receive IPC close with reason=AbnormalShutdown
[Child 466, Chrome_ChildThread] WARNING: pipe error (3): Connection reset by peer: file /builds/worker/workspace/build/src/ipc/chromium/src/chrome/common/ipc_channel_posix.cc, line 353
[Child 417, Chrome_ChildThread] WARNING: pipe error (15): Connection reset by peer: file /builds/worker/workspace/build/src/ipc/chromium/src/chrome/common/ipc_channel_posix.cc, line 353
[Child 417, Chrome_ChildThread] WARNING: pipe error (30): Connection reset by peer: file /builds/worker/workspace/build/src/ipc/chromium/src/chrome/common/ipc_channel_posix.cc, line 353
[GFX1-]: Receive IPC close with reason=AbnormalShutdown
[Child 417, Chrome_ChildThread] WARNING: pipe error (3): Connection reset by peer: file /builds/worker/workspace/build/src/ipc/chromium/src/chrome/common/ipc_channel_posix.cc, line 353
1523863493842	geckodriver	INFO	geckodriver 0.19.1
1523863493850	geckodriver	INFO	Listening on 127.0.0.1:52611
1523863495000	mozrunner::runner	INFO	Running command: "/usr/local/bin/firefox" "-marionette" "-profile" "/tmp/rust_mozprofile.3pGgfrcGzuLZ"
*** You are running in headless mode.
1523863495400	Marionette	INFO	Enabled via --marionette
1523863497065	Marionette	INFO	Listening on port 37125
1523863497116	Marionette	WARN	TLS certificate errors will be ignored for this session
[GFX1-]: Receive IPC close with reason=AbnormalShutdown
[Child 579, Chrome_ChildThread] WARNING: pipe error (3): Connection reset by peer: file /builds/worker/workspace/build/src/ipc/chromium/src/chrome/common/ipc_channel_posix.cc, line 353
[Child 532, Chrome_ChildThread] WARNING: pipe error (15): Connection reset by peer: file /builds/worker/workspace/build/src/ipc/chromium/src/chrome/common/ipc_channel_posix.cc, line 353
[Child 532, Chrome_ChildThread] WARNING: pipe error (30): Connection reset by peer: file /builds/worker/workspace/build/src/ipc/chromium/src/chrome/common/ipc_channel_posix.cc, line 353
[Child 532, Chrome_ChildThread] WARNING: pipe error (3): Connection reset by peer: file /builds/worker/workspace/build/src/ipc/chromium/src/chrome/common/ipc_channel_posix.cc, line 353
[GFX1-]: Receive IPC close with reason=AbnormalShutdown
1523863525328	geckodriver	INFO	geckodriver 0.19.1
1523863525336	geckodriver	INFO	Listening on 127.0.0.1:56009
1523863526487	mozrunner::runner	INFO	Running command: "/usr/local/bin/firefox" "-marionette" "-profile" "/tmp/rust_mozprofile.stWdsDxrrL93"
*** You are running in headless mode.
1523863526886	Marionette	INFO	Enabled via --marionette
1523863528519	Marionette	INFO	Listening on port 44901
1523863528607	Marionette	WARN	TLS certificate errors will be ignored for this session
[GFX1-]: Receive IPC close with reason=AbnormalShutdown
[Child 692, Chrome_ChildThread] WARNING: pipe error (3): Connection reset by peer: file /builds/worker/workspace/build/src/ipc/chromium/src/chrome/common/ipc_channel_posix.cc, line 353
[Child 648, Chrome_ChildThread] WARNING: pipe error (15): Connection reset by peer: file /builds/worker/workspace/build/src/ipc/chromium/src/chrome/common/ipc_channel_posix.cc, line 353
[GFX1-]: Receive IPC close with reason=AbnormalShutdown
[Child 648, Chrome_ChildThread] WARNING: pipe error (3): Connection reset by peer: file /builds/worker/workspace/build/src/ipc/chromium/src/chrome/common/ipc_channel_posix.cc, line 353
1523864479307	geckodriver	INFO	geckodriver 0.19.1
1523864479315	geckodriver	INFO	Listening on 127.0.0.1:40621
1523864480470	mozrunner::runner	INFO	Running command: "/usr/local/bin/firefox" "-marionette" "-profile" "/tmp/rust_mozprofile.oVbU3qdpza3s"
*** You are running in headless mode.
1523864480861	Marionette	INFO	Enabled via --marionette
1523864482473	Marionette	INFO	Listening on port 38287
1523864482492	Marionette	WARN	TLS certificate errors will be ignored for this session
[GFX1-]: Receive IPC close with reason=AbnormalShutdown
[Child 808, Chrome_ChildThread] WARNING: pipe error (3): Connection reset by peer: file /builds/worker/workspace/build/src/ipc/chromium/src/chrome/common/ipc_channel_posix.cc, line 353
[Child 759, Chrome_ChildThread] WARNING: pipe error (15): Connection reset by peer: file /builds/worker/workspace/build/src/ipc/chromium/src/chrome/common/ipc_channel_posix.cc, line 353
[Child 759, Chrome_ChildThread] WARNING: pipe error (3): Connection reset by peer: file /builds/worker/workspace/build/src/ipc/chromium/src/chrome/common/ipc_channel_posix.cc, line 353
[GFX1-]: Receive IPC close with reason=AbnormalShutdown
1523864706414	geckodriver	INFO	geckodriver 0.19.1
1523864706421	geckodriver	INFO	Listening on 127.0.0.1:45403
1523864707575	mozrunner::runner	INFO	Running command: "/usr/local/bin/firefox" "-marionette" "-profile" "/tmp/rust_mozprofile.wJzcxDX79clJ"
*** You are running in headless mode.
1523864707971	Marionette	INFO	Enabled via --marionette
1523864709577	Marionette	INFO	Listening on port 41275
1523864709597	Marionette	WARN	TLS certificate errors will be ignored for this session
[GFX1-]: Receive IPC close with reason=AbnormalShutdown
[Child 923, Chrome_ChildThread] WARNING: pipe error (3): Connection reset by peer: file /builds/worker/workspace/build/src/ipc/chromium/src/chrome/common/ipc_channel_posix.cc, line 353
[Child 873, Chrome_ChildThread] WARNING: pipe error (15): Connection reset by peer: file /builds/worker/workspace/build/src/ipc/chromium/src/chrome/common/ipc_channel_posix.cc, line 353
[Child 873, Chrome_ChildThread] WARNING: pipe error (3): Connection reset by peer: file /builds/worker/workspace/build/src/ipc/chromium/src/chrome/common/ipc_channel_posix.cc, line 353
[GFX1-]: Receive IPC close with reason=AbnormalShutdown
1523864743581	geckodriver	INFO	geckodriver 0.19.1
1523864743588	geckodriver	INFO	Listening on 127.0.0.1:40563
1523864744746	mozrunner::runner	INFO	Running command: "/usr/local/bin/firefox" "-marionette" "-profile" "/tmp/rust_mozprofile.PAqZgfUdUBXX"
*** You are running in headless mode.
1523864745140	Marionette	INFO	Enabled via --marionette
1523864746724	Marionette	INFO	Listening on port 35749
1523864746776	Marionette	WARN	TLS certificate errors will be ignored for this session
[GFX1-]: Receive IPC close with reason=AbnormalShutdown
[Child 1033, Chrome_ChildThread] WARNING: pipe error (3): Connection reset by peer: file /builds/worker/workspace/build/src/ipc/chromium/src/chrome/common/ipc_channel_posix.cc, line 353
[Child 990, Chrome_ChildThread] WARNING: pipe error (30): Connection reset by peer: file /builds/worker/workspace/build/src/ipc/chromium/src/chrome/common/ipc_channel_posix.cc, line 353
[Child 990, Chrome_ChildThread] WARNING: pipe error (15): Connection reset by peer: file /builds/worker/workspace/build/src/ipc/chromium/src/chrome/common/ipc_channel_posix.cc, line 353
[Child 990, Chrome_ChildThread] WARNING: pipe error (3): Connection reset by peer: file /builds/worker/workspace/build/src/ipc/chromium/src/chrome/common/ipc_channel_posix.cc, line 353
[GFX1-]: Receive IPC close with reason=AbnormalShutdown
1523864842071	geckodriver	INFO	geckodriver 0.19.1
1523864842078	geckodriver	INFO	Listening on 127.0.0.1:40015
1523864843233	mozrunner::runner	INFO	Running command: "/usr/local/bin/firefox" "-marionette" "-profile" "/tmp/rust_mozprofile.LHz8ebdrHDQG"
*** You are running in headless mode.
1523864843634	Marionette	INFO	Enabled via --marionette
1523864845261	Marionette	INFO	Listening on port 34617
1523864845355	Marionette	WARN	TLS certificate errors will be ignored for this session
[GFX1-]: Receive IPC close with reason=AbnormalShutdown
[Child 1148, Chrome_ChildThread] WARNING: pipe error (3): Connection reset by peer: file /builds/worker/workspace/build/src/ipc/chromium/src/chrome/common/ipc_channel_posix.cc, line 353
[Child 1101, Chrome_ChildThread] WARNING: pipe error (15): Connection reset by peer: file /builds/worker/workspace/build/src/ipc/chromium/src/chrome/common/ipc_channel_posix.cc, line 353
[Child 1101, Chrome_ChildThread] WARNING: pipe error (3): Connection reset by peer: file /builds/worker/workspace/build/src/ipc/chromium/src/chrome/common/ipc_channel_posix.cc, line 353
[GFX1-]: Receive IPC close with reason=AbnormalShutdown
1523865354434	geckodriver	INFO	geckodriver 0.19.1
1523865354441	geckodriver	INFO	Listening on 127.0.0.1:40749
1523865355595	mozrunner::runner	INFO	Running command: "/usr/local/bin/firefox" "-marionette" "-profile" "/tmp/rust_mozprofile.FPeBcvWr5M7U"
*** You are running in headless mode.
1523865355997	Marionette	INFO	Enabled via --marionette
1523865357612	Marionette	INFO	Listening on port 33597
1523865357716	Marionette	WARN	TLS certificate errors will be ignored for this session
[GFX1-]: Receive IPC close with reason=AbnormalShutdown
[Child 1265, Chrome_ChildThread] WARNING: pipe error (3): Connection reset by peer: file /builds/worker/workspace/build/src/ipc/chromium/src/chrome/common/ipc_channel_posix.cc, line 353
[Child 1218, Chrome_ChildThread] WARNING: pipe error (30): Connection reset by peer: file /builds/worker/workspace/build/src/ipc/chromium/src/chrome/common/ipc_channel_posix.cc, line 353
[Child 1218, Chrome_ChildThread] WARNING: pipe error (15): Connection reset by peer: file /builds/worker/workspace/build/src/ipc/chromium/src/chrome/common/ipc_channel_posix.cc, line 353
[Child 1218, Chrome_ChildThread] WARNING: pipe error (3): Connection reset by peer: file /builds/worker/workspace/build/src/ipc/chromium/src/chrome/common/ipc_channel_posix.cc, line 353
1523943932867	geckodriver	INFO	geckodriver 0.19.1
1523943932875	geckodriver	INFO	Listening on 127.0.0.1:34647
1523943934040	mozrunner::runner	INFO	Running command: "/usr/local/bin/firefox" "-marionette" "-profile" "/tmp/rust_mozprofile.Z2KEvFVRChL1"
*** You are running in headless mode.
1523943934463	Marionette	INFO	Enabled via --marionette
1523943936085	Marionette	INFO	Listening on port 35093
1523943936165	Marionette	WARN	TLS certificate errors will be ignored for this session
[GFX1-]: Receive IPC close with reason=AbnormalShutdown
[Child 1386, Chrome_ChildThread] WARNING: pipe error (3): Connection reset by peer: file /builds/worker/workspace/build/src/ipc/chromium/src/chrome/common/ipc_channel_posix.cc, line 353
[Child 1334, Chrome_ChildThread] WARNING: pipe error (13): Connection reset by peer: file /builds/worker/workspace/build/src/ipc/chromium/src/chrome/common/ipc_channel_posix.cc, line 353
[Child 1334, Chrome_ChildThread] WARNING: pipe error (3): Connection reset by peer: file /builds/worker/workspace/build/src/ipc/chromium/src/chrome/common/ipc_channel_posix.cc, line 353
[GFX1-]: Receive IPC close with reason=AbnormalShutdown
1523944019178	geckodriver	INFO	geckodriver 0.19.1
1523944019185	geckodriver	INFO	Listening on 127.0.0.1:48439
1523944020343	mozrunner::runner	INFO	Running command: "/usr/local/bin/firefox" "-marionette" "-profile" "/tmp/rust_mozprofile.27cYojdmcrU5"
*** You are running in headless mode.
1523944020734	Marionette	INFO	Enabled via --marionette
1523944022349	Marionette	INFO	Listening on port 39179
1523944022368	Marionette	WARN	TLS certificate errors will be ignored for this session
[GFX1-]: Receive IPC close with reason=AbnormalShutdown
[Child 1502, Chrome_ChildThread] WARNING: pipe error (3): Connection reset by peer: file /builds/worker/workspace/build/src/ipc/chromium/src/chrome/common/ipc_channel_posix.cc, line 353
[Child 1452, Chrome_ChildThread] WARNING: pipe error (30): Connection reset by peer: file /builds/worker/workspace/build/src/ipc/chromium/src/chrome/common/ipc_channel_posix.cc, line 353
[Child 1452, Chrome_ChildThread] WARNING: pipe error (15): Connection reset by peer: file /builds/worker/workspace/build/src/ipc/chromium/src/chrome/common/ipc_channel_posix.cc, line 353
[GFX1-]: Receive IPC close with reason=AbnormalShutdown
[Child 1452, Chrome_ChildThread] WARNING: pipe error (3): Connection reset by peer: file /builds/worker/workspace/build/src/ipc/chromium/src/chrome/common/ipc_channel_posix.cc, line 353
1523944861659	geckodriver	INFO	geckodriver 0.19.1
1523944861666	geckodriver	INFO	Listening on 127.0.0.1:57593
1523944861810	mozrunner::runner	INFO	Running command: "/usr/local/bin/firefox" "-marionette" "-profile" "/tmp/rust_mozprofile.jUKkiRCLc5Xu"
*** You are running in headless mode.
1523944862204	Marionette	INFO	Enabled via --marionette
1523944863862	Marionette	INFO	Listening on port 36777
1523944863943	Marionette	WARN	TLS certificate errors will be ignored for this session
[GFX1-]: Receive IPC close with reason=AbnormalShutdown
[Child 1616, Chrome_ChildThread] WARNING: pipe error (3): Connection reset by peer: file /builds/worker/workspace/build/src/ipc/chromium/src/chrome/common/ipc_channel_posix.cc, line 353
[GFX1-]: Receive IPC close with reason=AbnormalShutdown
[Child 1566, Chrome_ChildThread] WARNING: pipe error (3): Connection reset by peer: file /builds/worker/workspace/build/src/ipc/chromium/src/chrome/common/ipc_channel_posix.cc, line 353
1524044737803	geckodriver	INFO	geckodriver 0.19.1
1524044737810	geckodriver	INFO	Listening on 127.0.0.1:42349
1524044738991	mozrunner::runner	INFO	Running command: "/usr/local/bin/firefox" "-marionette" "-profile" "/tmp/rust_mozprofile.GemQlhnRg7kk"
*** You are running in headless mode.
1524044739405	Marionette	INFO	Enabled via --marionette
1524044741147	Marionette	INFO	Listening on port 40895
1524044741207	Marionette	WARN	TLS certificate errors will be ignored for this session
[GFX1-]: Receive IPC close with reason=AbnormalShutdown
[Child 1784, Chrome_ChildThread] WARNING: pipe error (3): Connection reset by peer: file /builds/worker/workspace/build/src/ipc/chromium/src/chrome/common/ipc_channel_posix.cc, line 353
[Child 1741, Chrome_ChildThread] WARNING: pipe error (15): Connection reset by peer: file /builds/worker/workspace/build/src/ipc/chromium/src/chrome/common/ipc_channel_posix.cc, line 353
[Child 1741, Chrome_ChildThread] WARNING: pipe error (3): Connection reset by peer: file /builds/worker/workspace/build/src/ipc/chromium/src/chrome/common/ipc_channel_posix.cc, line 353
[GFX1-]: Receive IPC close with reason=AbnormalShutdown
1524047528497	geckodriver	INFO	geckodriver 0.19.1
1524047528504	geckodriver	INFO	Listening on 127.0.0.1:37999
1524047529681	mozrunner::runner	INFO	Running command: "/usr/local/bin/firefox" "-marionette" "-profile" "/tmp/rust_mozprofile.1GrhOgKh3mDd"
*** You are running in headless mode.
1524047530184	Marionette	INFO	Enabled via --marionette
1524047532005	Marionette	INFO	Listening on port 40871
1524047532103	Marionette	WARN	TLS certificate errors will be ignored for this session
[GFX1-]: Receive IPC close with reason=AbnormalShutdown
[Child 1900, Chrome_ChildThread] WARNING: pipe error (3): Connection reset by peer: file /builds/worker/workspace/build/src/ipc/chromium/src/chrome/common/ipc_channel_posix.cc, line 353
[Child 1851, Chrome_ChildThread] WARNING: pipe error (15): Connection reset by peer: file /builds/worker/workspace/build/src/ipc/chromium/src/chrome/common/ipc_channel_posix.cc, line 353
[GFX1-]: Receive IPC close with reason=AbnormalShutdown
[Child 1851, Chrome_ChildThread] WARNING: pipe error (3): Connection reset by peer: file /builds/worker/workspace/build/src/ipc/chromium/src/chrome/common/ipc_channel_posix.cc, line 353
1524099557166	geckodriver	INFO	geckodriver 0.19.1
1524099557173	geckodriver	INFO	Listening on 127.0.0.1:52693
1524099558326	mozrunner::runner	INFO	Running command: "/usr/local/bin/firefox" "-marionette" "-profile" "/tmp/rust_mozprofile.xpF9iGFeZXfG"
*** You are running in headless mode.
1524099558727	Marionette	INFO	Enabled via --marionette
1524099560377	Marionette	INFO	Listening on port 36237
1524099560444	Marionette	WARN	TLS certificate errors will be ignored for this session
1524099562124	addons.xpi	WARN	Exception running bootstrap method shutdown on activity-stream@mozilla.org: [Exception... "Component returned failure code: 0x80004005 (NS_ERROR_FAILURE) [nsIObserverService.removeObserver]"  nsresult: "0x80004005 (NS_ERROR_FAILURE)"  location: "JS frame :: resource://activity-stream/lib/SnippetsFeed.jsm :: uninit :: line 125"  data: no] Stack trace: uninit()@resource://activity-stream/lib/SnippetsFeed.jsm:125 < onAction()@resource://activity-stream/lib/SnippetsFeed.jsm:141 < _middleware/</<()@resource://activity-stream/lib/Store.jsm:51 < Store/this[method]()@resource://activity-stream/lib/Store.jsm:30 < uninit()@resource://activity-stream/lib/Store.jsm:153 < uninit()@resource://activity-stream/lib/ActivityStream.jsm:278 < uninit()@resource://gre/modules/addons/XPIProvider.jsm -> jar:file:///opt/firefox/browser/features/activity-stream@mozilla.org.xpi!/bootstrap.js:80 < shutdown()@resource://gre/modules/addons/XPIProvider.jsm -> jar:file:///opt/firefox/browser/features/activity-stream@mozilla.org.xpi!/bootstrap.js:196 < callBootstrapMethod()@resource://gre/modules/addons/XPIProvider.jsm:4406 < observe()@resource://gre/modules/addons/XPIProvider.jsm:2270 < GeckoDriver.prototype.quit()@driver.js:3381 < despatch()@server.js:560 < execute()@server.js:534 < onPacket/<()@server.js:509 < onPacket()@server.js:508 < _onJSONObjectReady/<()@transport.js:500
[GFX1-]: Receive IPC close with reason=AbnormalShutdown
[Child 2015, Chrome_ChildThread] WARNING: pipe error (3): Connection reset by peer: file /builds/worker/workspace/build/src/ipc/chromium/src/chrome/common/ipc_channel_posix.cc, line 353
[Child 1968, Chrome_ChildThread] WARNING: pipe error (15): Connection reset by peer: file /builds/worker/workspace/build/src/ipc/chromium/src/chrome/common/ipc_channel_posix.cc, line 353
[Child 1968, Chrome_ChildThread] WARNING: pipe error (3): Connection reset by peer: file /builds/worker/workspace/build/src/ipc/chromium/src/chrome/common/ipc_channel_posix.cc, line 353
[GFX1-]: Receive IPC close with reason=AbnormalShutdown
1524099633643	geckodriver	INFO	geckodriver 0.19.1
1524099633650	geckodriver	INFO	Listening on 127.0.0.1:35899
1524099634788	mozrunner::runner	INFO	Running command: "/usr/local/bin/firefox" "-marionette" "-profile" "/tmp/rust_mozprofile.9IcarmWdJdnr"
*** You are running in headless mode.
1524099635189	Marionette	INFO	Enabled via --marionette
1524099636885	Marionette	INFO	Listening on port 45951
1524099636911	Marionette	WARN	TLS certificate errors will be ignored for this session
[GFX1-]: Receive IPC close with reason=AbnormalShutdown
[Child 2130, Chrome_ChildThread] WARNING: pipe error (3): Connection reset by peer: file /builds/worker/workspace/build/src/ipc/chromium/src/chrome/common/ipc_channel_posix.cc, line 353
[Child 2082, Chrome_ChildThread] WARNING: pipe error (15): Connection reset by peer: file /builds/worker/workspace/build/src/ipc/chromium/src/chrome/common/ipc_channel_posix.cc, line 353
[Child 2082, Chrome_ChildThread] WARNING: pipe error (3): Connection reset by peer: file /builds/worker/workspace/build/src/ipc/chromium/src/chrome/common/ipc_channel_posix.cc, line 353
[GFX1-]: Receive IPC close with reason=AbnormalShutdown
1524099785319	geckodriver	INFO	geckodriver 0.19.1
1524099785326	geckodriver	INFO	Listening on 127.0.0.1:56007
1524099786517	mozrunner::runner	INFO	Running command: "/usr/local/bin/firefox" "-marionette" "-profile" "/tmp/rust_mozprofile.pcUmz0Y2Mlm1"
*** You are running in headless mode.
1524099786919	Marionette	INFO	Enabled via --marionette
1524099788650	Marionette	INFO	Listening on port 46439
1524099788734	Marionette	WARN	TLS certificate errors will be ignored for this session
[GFX1-]: Receive IPC close with reason=AbnormalShutdown
[Child 2245, Chrome_ChildThread] WARNING: pipe error (3): Connection reset by peer: file /builds/worker/workspace/build/src/ipc/chromium/src/chrome/common/ipc_channel_posix.cc, line 353
[Child 2198, Chrome_ChildThread] WARNING: pipe error (15): Connection reset by peer: file /builds/worker/workspace/build/src/ipc/chromium/src/chrome/common/ipc_channel_posix.cc, line 353
[Child 2198, Chrome_ChildThread] WARNING: pipe error (30): Connection reset by peer: file /builds/worker/workspace/build/src/ipc/chromium/src/chrome/common/ipc_channel_posix.cc, line 353
[Child 2198, Chrome_ChildThread] WARNING: pipe error (3): Connection reset by peer: file /builds/worker/workspace/build/src/ipc/chromium/src/chrome/common/ipc_channel_posix.cc, line 353
[GFX1-]: Receive IPC close with reason=AbnormalShutdown
1524118515974	geckodriver	INFO	geckodriver 0.19.1
1524118515981	geckodriver	INFO	Listening on 127.0.0.1:50511
1524118517127	mozrunner::runner	INFO	Running command: "/usr/local/bin/firefox" "-marionette" "-profile" "/tmp/rust_mozprofile.oDJLVGvUPlRJ"
*** You are running in headless mode.
1524118517865	Marionette	INFO	Enabled via --marionette
1524118519618	Marionette	INFO	Listening on port 37029
1524118519666	Marionette	WARN	TLS certificate errors will be ignored for this session
[GFX1-]: Receive IPC close with reason=AbnormalShutdown
[Child 96, Chrome_ChildThread] WARNING: pipe error (3): Connection reset by peer: file /builds/worker/workspace/build/src/ipc/chromium/src/chrome/common/ipc_channel_posix.cc, line 353
[Child 48, Chrome_ChildThread] WARNING: pipe error (15): Connection reset by peer: file /builds/worker/workspace/build/src/ipc/chromium/src/chrome/common/ipc_channel_posix.cc, line 353
[GFX1-]: Receive IPC close with reason=AbnormalShutdown
[Child 48, Chrome_ChildThread] WARNING: pipe error (3): Connection reset by peer: file /builds/worker/workspace/build/src/ipc/chromium/src/chrome/common/ipc_channel_posix.cc, line 353
1524134894680	geckodriver	INFO	geckodriver 0.19.1
1524134894687	geckodriver	INFO	Listening on 127.0.0.1:58071
1524134895850	mozrunner::runner	INFO	Running command: "/usr/local/bin/firefox" "-marionette" "-profile" "/tmp/rust_mozprofile.CiSBnSHncbFn"
*** You are running in headless mode.
1524134896264	Marionette	INFO	Enabled via --marionette
1524134898022	Marionette	INFO	Listening on port 43611
1524134898077	Marionette	WARN	TLS certificate errors will be ignored for this session
[GFX1-]: Receive IPC close with reason=AbnormalShutdown
[Child 214, Chrome_ChildThread] WARNING: pipe error (3): Connection reset by peer: file /builds/worker/workspace/build/src/ipc/chromium/src/chrome/common/ipc_channel_posix.cc, line 353
[Child 164, Chrome_ChildThread] WARNING: pipe error (15): Connection reset by peer: file /builds/worker/workspace/build/src/ipc/chromium/src/chrome/common/ipc_channel_posix.cc, line 353
[Child 164, Chrome_ChildThread] WARNING: pipe error (3): Connection reset by peer: file /builds/worker/workspace/build/src/ipc/chromium/src/chrome/common/ipc_channel_posix.cc, line 353
[GFX1-]: Receive IPC close with reason=AbnormalShutdown
1524135645509	geckodriver	INFO	geckodriver 0.19.1
1524135645515	geckodriver	INFO	Listening on 127.0.0.1:46078
1524135646659	mozrunner::runner	INFO	Running command: "/usr/local/bin/firefox" "-marionette" "-profile" "/tmp/rust_mozprofile.yqUT1lqa0sCG"
*** You are running in headless mode.
1524135647096	Marionette	INFO	Enabled via --marionette
1524135648667	Marionette	INFO	Listening on port 46806
1524135648710	Marionette	WARN	TLS certificate errors will be ignored for this session
[GFX1-]: Receive IPC close with reason=AbnormalShutdown
[Child 113, Chrome_ChildThread] WARNING: pipe error (3): Connection reset by peer: file /builds/worker/workspace/build/src/ipc/chromium/src/chrome/common/ipc_channel_posix.cc, line 353
[Child 52, Chrome_ChildThread] WARNING: pipe error (15): Connection reset by peer: file /builds/worker/workspace/build/src/ipc/chromium/src/chrome/common/ipc_channel_posix.cc, line 353
[Child 52, Chrome_ChildThread] WARNING: pipe error (3): Connection reset by peer: file /builds/worker/workspace/build/src/ipc/chromium/src/chrome/common/ipc_channel_posix.cc, line 353
[GFX1-]: Receive IPC close with reason=AbnormalShutdown
1524199343217	geckodriver	INFO	geckodriver 0.19.1
1524199343225	geckodriver	INFO	Listening on 127.0.0.1:36979
1524199344452	mozrunner::runner	INFO	Running command: "/usr/local/bin/firefox" "-marionette" "-profile" "/tmp/rust_mozprofile.y8GgpIBQrDA0"
*** You are running in headless mode.
1524199344946	Marionette	INFO	Enabled via --marionette
1524199347490	Marionette	INFO	Listening on port 40913
1524199347579	Marionette	WARN	TLS certificate errors will be ignored for this session
[GFX1-]: Receive IPC close with reason=AbnormalShutdown
[Child 98, Chrome_ChildThread] WARNING: pipe error (3): Connection reset by peer: file /builds/worker/workspace/build/src/ipc/chromium/src/chrome/common/ipc_channel_posix.cc, line 353
[Child 51, Chrome_ChildThread] WARNING: pipe error (15): Connection reset by peer: file /builds/worker/workspace/build/src/ipc/chromium/src/chrome/common/ipc_channel_posix.cc, line 353
[Child 51, Chrome_ChildThread] WARNING: pipe error (3): Connection reset by peer: file /builds/worker/workspace/build/src/ipc/chromium/src/chrome/common/ipc_channel_posix.cc, line 353
[GFX1-]: Receive IPC close with reason=AbnormalShutdown
1524279284136	geckodriver	INFO	geckodriver 0.19.1
1524279284143	geckodriver	INFO	Listening on 127.0.0.1:43445
1524279285363	mozrunner::runner	INFO	Running command: "/usr/local/bin/firefox" "-marionette" "-profile" "/tmp/rust_mozprofile.0WH5Isprcm36"
*** You are running in headless mode.
1524279286488	Marionette	INFO	Enabled via --marionette
1524279289110	Marionette	INFO	Listening on port 34353
1524279289211	Marionette	WARN	TLS certificate errors will be ignored for this session
[GFX1-]: Receive IPC close with reason=AbnormalShutdown
[Child 127, Chrome_ChildThread] WARNING: pipe error (17): Connection reset by peer: file /builds/worker/workspace/build/src/ipc/chromium/src/chrome/common/ipc_channel_posix.cc, line 353
[Child 191, Chrome_ChildThread] WARNING: pipe error (3): Connection reset by peer: file /builds/worker/workspace/build/src/ipc/chromium/src/chrome/common/ipc_channel_posix.cc, line 353
[Child 127, Chrome_ChildThread] WARNING: pipe error (3): Connection reset by peer: file /builds/worker/workspace/build/src/ipc/chromium/src/chrome/common/ipc_channel_posix.cc, line 353
[GFX1-]: Receive IPC close with reason=AbnormalShutdown
